<testsuites id="" name="" tests="2" failures="0" skipped="0" errors="0" time="3.363026999999769">
<testsuite name="api/health.spec.ts" timestamp="2026-01-21T13:17:05.773Z" hostname="chromium" tests="2" failures="0" skipped="0" time="2.43" errors="0">
<testcase name="Restful Booker - Health Checks › C97 - should respond to /ping with 201" classname="api/health.spec.ts" time="1.559">
<system-out>
<![CDATA[[LOG] Response Text:
Created
]]>
</system-out>
</testcase>
<testcase name="Restful Booker - Health Checks › C98 - should return 404 for non-existent routes" classname="api/health.spec.ts" time="0.871">
<system-out>
<![CDATA[[LOG] Response Text:
Not Found
]]>
</system-out>
</testcase>
</testsuite>
</testsuites>